<?xml version="1.0" encoding="UTF-8"?>
<!-- Generated by org.testng.reporters.JUnitXMLReporter -->
<testsuite ignored="14" hostname="DESKTOP-4ON2IB0" failures="0" tests="1" name="Default test" time="24.211" errors="0" timestamp="2023-04-03T16:57:24 IST">
  <testcase classname="assignments.Assigsnments" name="ccww" time="24.167"/>
  <testcase classname="assignments.Assigsnments" name="iterateUsingLinkedList" time="0.0">
    <ignored/>
  </testcase> <!-- iterateUsingLinkedList -->
  <testcase classname="assignments.Assigsnments" name="searchElementInArrayList" time="0.0">
    <ignored/>
  </testcase> <!-- searchElementInArrayList -->
  <testcase classname="assignments.Assigsnments" name="duplicateCharacters" time="0.0">
    <ignored/>
  </testcase> <!-- duplicateCharacters -->
  <testcase classname="assignments.Assigsnments" name="palindrome" time="0.0">
    <ignored/>
  </testcase> <!-- palindrome -->
  <testcase classname="assignments.Assigsnments" name="toModifyAnyNumber" time="0.0">
    <ignored/>
  </testcase> <!-- toModifyAnyNumber -->
  <testcase classname="assignments.Assigsnments" name="sortArray" time="0.0">
    <ignored/>
  </testcase> <!-- sortArray -->
  <testcase classname="assignments.Assigsnments" name="swapArray" time="0.0">
    <ignored/>
  </testcase> <!-- swapArray -->
  <testcase classname="assignments.Assigsnments" name="reverse" time="0.0">
    <ignored/>
  </testcase> <!-- reverse -->
  <testcase classname="assignments.Assigsnments" name="count" time="0.0">
    <ignored/>
  </testcase> <!-- count -->
  <testcase classname="assignments.Assigsnments" name="cc" time="0.0">
    <ignored/>
  </testcase> <!-- cc -->
  <testcase classname="assignments.Assigsnments" name="largest" time="0.0">
    <ignored/>
  </testcase> <!-- largest -->
  <testcase classname="assignments.Assigsnments" name="aaa" time="0.0">
    <ignored/>
  </testcase> <!-- aaa -->
  <testcase classname="assignments.Assigsnments" name="appendUsingLinkedList" time="0.0">
    <ignored/>
  </testcase> <!-- appendUsingLinkedList -->
  <testcase classname="assignments.Assigsnments" name="portionOfaArray" time="0.0">
    <ignored/>
  </testcase> <!-- portionOfaArray -->
</testsuite> <!-- Default test -->
