<?xml version="1.0" encoding="UTF-8"?>
<!-- Generated by org.testng.reporters.JUnitXMLReporter -->
<testsuite ignored="0" hostname="DESKTOP-4ON2IB0" failures="0" tests="3" name="Test2" time="69.068" errors="0" timestamp="2023-03-02T12:18:58 IST">
  <testcase classname="testNgLearning.GroupsLearning" name="guru99" time="1.136"/>
  <testcase classname="testNgLearning.GroupsLearning" name="guvi" time="16.194"/>
  <testcase classname="testNgLearning.GroupsLearning" name="javaTPoint" time="43.532"/>
</testsuite> <!-- Test2 -->
