<?xml version="1.0" encoding="UTF-8"?>
<!-- Generated by org.testng.reporters.JUnitXMLReporter -->
<testsuite ignored="0" hostname="DESKTOP-4ON2IB0" failures="0" tests="3" name="Test1" time="17.893" errors="0" timestamp="2023-03-01T12:55:35 IST">
  <testcase classname="testNgLearning.GroupsLearning" name="guru99" time="0.842"/>
  <testcase classname="testNgLearning.GroupsLearning" name="guvi" time="8.555"/>
  <testcase classname="testNgLearning.GroupsLearning" name="javaTPoint" time="2.222"/>
</testsuite> <!-- Test1 -->
