<?xml version="1.0" encoding="UTF-8"?>
<!-- Generated by org.testng.reporters.JUnitXMLReporter -->
<testsuite ignored="5" hostname="DESKTOP-4ON2IB0" failures="3" tests="3" name="Test(failed)" time="0.062" errors="0" timestamp="2023-02-10T11:00:33 IST">
  <testcase classname="testNgLearning.TestNgGRoupsLearning" name="divTwoNo" time="0.009">
    <failure type="java.lang.AssertionError" message="expected [6] but found [1]">
      <![CDATA[java.lang.AssertionError: expected [6] but found [1]
at testNgLearning.TestNgGRoupsLearning.divTwoNo(TestNgGRoupsLearning.java:37)
at java.base/java.util.ArrayList.forEach(ArrayList.java:1511)
... Removed 33 stack frames]]>
    </failure>
  </testcase> <!-- divTwoNo -->
  <testcase classname="testNgLearning.TestNgGRoupsLearning" name="mulThreeNo" time="0.001">
    <failure type="java.lang.AssertionError" message="expected [15] but found [1]">
      <![CDATA[java.lang.AssertionError: expected [15] but found [1]
at testNgLearning.TestNgGRoupsLearning.mulThreeNo(TestNgGRoupsLearning.java:65)
at java.base/java.util.ArrayList.forEach(ArrayList.java:1511)
... Removed 33 stack frames]]>
    </failure>
  </testcase> <!-- mulThreeNo -->
  <testcase classname="testNgLearning.TestNgGRoupsLearning" name="subTwoNo" time="0.001">
    <failure type="java.lang.AssertionError" message="expected [5] but found [0]">
      <![CDATA[java.lang.AssertionError: expected [5] but found [0]
at testNgLearning.TestNgGRoupsLearning.subTwoNo(TestNgGRoupsLearning.java:20)
at java.base/java.util.ArrayList.forEach(ArrayList.java:1511)
... Removed 33 stack frames]]>
    </failure>
  </testcase> <!-- subTwoNo -->
  <testcase classname="testNgLearning.TestNgGRoupsLearning" name="divThreeNo" time="0.0">
    <ignored/>
  </testcase> <!-- divThreeNo -->
  <testcase classname="testNgLearning.TestNgGRoupsLearning" name="subThreeNo" time="0.0">
    <ignored/>
  </testcase> <!-- subThreeNo -->
  <testcase classname="testNgLearning.TestNgGRoupsLearning" name="addTwoNo" time="0.0">
    <ignored/>
  </testcase> <!-- addTwoNo -->
  <testcase classname="testNgLearning.TestNgGRoupsLearning" name="mulTwoNo" time="0.0">
    <ignored/>
  </testcase> <!-- mulTwoNo -->
  <testcase classname="testNgLearning.TestNgGRoupsLearning" name="addThreeNo" time="0.0">
    <ignored/>
  </testcase> <!-- addThreeNo -->
</testsuite> <!-- Test(failed) -->
