<?xml version="1.0" encoding="UTF-8"?>
<testng-results ignored="14" total="15" passed="1" failed="0" skipped="0">
  <reporter-output>
  </reporter-output>
  <suite started-at="2023-04-03T16:57:00 IST" name="Default suite" finished-at="2023-04-03T16:57:24 IST" duration-ms="24211">
    <groups>
    </groups>
    <test started-at="2023-04-03T16:57:00 IST" name="Default test" finished-at="2023-04-03T16:57:24 IST" duration-ms="24211">
      <class name="assignments.Assigsnments">
        <test-method signature="ccww()[pri:0, instance:assignments.Assigsnments@57d7f8ca]" started-at="2023-04-03T16:57:00 IST" name="ccww" finished-at="2023-04-03T16:57:24 IST" duration-ms="24167" status="PASS">
          <reporter-output>
          </reporter-output>
        </test-method> <!-- ccww -->
      </class> <!-- assignments.Assigsnments -->
    </test> <!-- Default test -->
  </suite> <!-- Default suite -->
</testng-results>
